flutter_app/build/app/intermediates/manifest_merge_blame_file/debug/manifest-merger-blame-debug-report.txt
1<?xml version="1.0" encoding="utf-8"?>
2<manifest xmlns:android="http://schemas.android.com/apk/res/android"
3    package="com.example.flutterapp"
4    android:versionCode="1"
5    android:versionName="1.0.0" >
6
7    <uses-sdk
8        android:minSdkVersion="23"
9        android:targetSdkVersion="30" />
10    <!--
11         Flutter needs it to communicate with the running application
12         to allow setting breakpoints, to provide hot reload, etc.
13    -->
14    <uses-permission android:name="android.permission.INTERNET" />
14-->src/debug/AndroidManifest.xml:6:5-66
14-->src/debug/AndroidManifest.xml:6:22-64
15    <!-- Although the *SdkVersion is captured in gradle build files, this is required for non gradle builds -->
16    <!-- <uses-sdk android:minSdkVersion="14" /> -->
17    <uses-permission android:name="android.permission.ACCESS_NETWORK_STATE" />
17-->[com.google.firebase:firebase-firestore:18.2.0] AndroidManifest.xml:13:5-79
17-->[com.google.firebase:firebase-firestore:18.2.0] AndroidManifest.xml:13:22-76
18    <uses-permission android:name="android.permission.WAKE_LOCK" />
18-->[com.google.firebase:firebase-measurement-connector-impl:17.0.2] AndroidManifest.xml:24:5-68
18-->[com.google.firebase:firebase-measurement-connector-impl:17.0.2] AndroidManifest.xml:24:22-65
19    <uses-permission android:name="com.google.android.finsky.permission.BIND_GET_INSTALL_REFERRER_SERVICE" /> <!-- Required by older versions of Google Play services to create IID tokens -->
19-->[com.google.firebase:firebase-analytics:16.0.4] AndroidManifest.xml:26:5-110
19-->[com.google.firebase:firebase-analytics:16.0.4] AndroidManifest.xml:26:22-107
20    <uses-permission android:name="com.google.android.c2dm.permission.RECEIVE" />
20-->[com.google.firebase:firebase-iid:17.0.3] AndroidManifest.xml:26:5-82
20-->[com.google.firebase:firebase-iid:17.0.3] AndroidManifest.xml:26:22-79
21    <!--
22 io.flutter.app.FlutterApplication is an android.app.Application that
23         calls FlutterMain.startInitialization(this); in its onCreate method.
24         In most cases you can leave this as-is, but you if you want to provide
25         additional functionality it is fine to subclass or reimplement
26         FlutterApplication and put your custom class here.
27    -->
28    <application
28-->src/main/AndroidManifest.xml:8:5-46:19
29        android:name="io.flutter.app.FlutterApplication"
29-->src/main/AndroidManifest.xml:9:9-57
30        android:appComponentFactory="androidx.core.app.CoreComponentFactory"
30-->[androidx.core:core:1.1.0] AndroidManifest.xml:24:18-86
31        android:debuggable="true"
32        android:extractNativeLibs="false"
33        android:icon="@mipmap/ic_launcher"
33-->src/main/AndroidManifest.xml:11:9-43
34        android:label="flutterapp" >
34-->src/main/AndroidManifest.xml:10:9-35
35        <activity
35-->src/main/AndroidManifest.xml:12:9-40:20
36            android:name="com.example.flutterapp.MainActivity"
36-->src/main/AndroidManifest.xml:13:13-41
37            android:configChanges="orientation|keyboardHidden|keyboard|screenSize|smallestScreenSize|locale|layoutDirection|fontScale|screenLayout|density|uiMode"
37-->src/main/AndroidManifest.xml:16:13-163
38            android:hardwareAccelerated="true"
38-->src/main/AndroidManifest.xml:17:13-47
39            android:launchMode="singleTop"
39-->src/main/AndroidManifest.xml:14:13-43
40            android:theme="@style/LaunchTheme"
40-->src/main/AndroidManifest.xml:15:13-47
41            android:windowSoftInputMode="adjustResize" >
41-->src/main/AndroidManifest.xml:18:13-55
42
43            <!--
44                 Specifies an Android theme to apply to this Activity as soon as
45                 the Android process has started. This theme is visible to the user
46                 while the Flutter UI initializes. After that, this theme continues
47                 to determine the Window background behind the Flutter UI.
48            -->
49            <meta-data
49-->src/main/AndroidManifest.xml:23:13-26:17
50                android:name="io.flutter.embedding.android.NormalTheme"
50-->src/main/AndroidManifest.xml:24:15-70
51                android:resource="@style/NormalTheme" />
51-->src/main/AndroidManifest.xml:25:15-52
52            <!--
53                 Displays an Android View that continues showing the launch screen
54                 Drawable until Flutter paints its first frame, then this splash
55                 screen fades out. A splash screen is useful to avoid any visual
56                 gap between the end of Android's launch screen and the painting of
57                 Flutter's first frame.
58            -->
59            <meta-data
59-->src/main/AndroidManifest.xml:32:13-35:17
60                android:name="io.flutter.embedding.android.SplashScreenDrawable"
60-->src/main/AndroidManifest.xml:33:15-79
61                android:resource="@drawable/launch_background" />
61-->src/main/AndroidManifest.xml:34:15-61
62
63            <intent-filter>
63-->src/main/AndroidManifest.xml:36:13-39:29
64                <action android:name="android.intent.action.MAIN" />
64-->src/main/AndroidManifest.xml:37:17-68
64-->src/main/AndroidManifest.xml:37:25-66
65
66                <category android:name="android.intent.category.LAUNCHER" />
66-->src/main/AndroidManifest.xml:38:17-76
66-->src/main/AndroidManifest.xml:38:27-74
67            </intent-filter>
68        </activity>
69        <!--
70             Don't delete the meta-data below.
71             This is used by the Flutter tool to generate GeneratedPluginRegistrant.java
72        -->
73        <meta-data
73-->src/main/AndroidManifest.xml:43:9-45:33
74            android:name="flutterEmbedding"
74-->src/main/AndroidManifest.xml:44:13-44
75            android:value="2" />
75-->src/main/AndroidManifest.xml:45:13-30
76
77        <service
77-->[com.google.firebase:firebase-firestore:18.2.0] AndroidManifest.xml:17:9-21:19
78            android:name="com.google.firebase.components.ComponentDiscoveryService"
78-->[com.google.firebase:firebase-firestore:18.2.0] AndroidManifest.xml:17:18-89
79            android:exported="false" >
79-->[com.google.firebase:firebase-iid:17.0.3] AndroidManifest.xml:31:13-37
80            <meta-data
80-->[com.google.firebase:firebase-firestore:18.2.0] AndroidManifest.xml:18:13-20:85
81                android:name="com.google.firebase.components:com.google.firebase.firestore.FirestoreRegistrar"
81-->[com.google.firebase:firebase-firestore:18.2.0] AndroidManifest.xml:19:17-111
82                android:value="com.google.firebase.components.ComponentRegistrar" />
82-->[com.google.firebase:firebase-firestore:18.2.0] AndroidManifest.xml:20:17-82
83            <meta-data
83-->[com.google.firebase:firebase-measurement-connector-impl:17.0.2] AndroidManifest.xml:28:13-30:85
84                android:name="com.google.firebase.components:com.google.firebase.analytics.connector.internal.AnalyticsConnectorRegistrar"
84-->[com.google.firebase:firebase-measurement-connector-impl:17.0.2] AndroidManifest.xml:29:17-139
85                android:value="com.google.firebase.components.ComponentRegistrar" />
85-->[com.google.firebase:firebase-measurement-connector-impl:17.0.2] AndroidManifest.xml:30:17-82
86            <meta-data
86-->[com.google.firebase:firebase-iid:17.0.3] AndroidManifest.xml:32:13-34:85
87                android:name="com.google.firebase.components:com.google.firebase.iid.Registrar"
87-->[com.google.firebase:firebase-iid:17.0.3] AndroidManifest.xml:33:17-96
88                android:value="com.google.firebase.components.ComponentRegistrar" />
88-->[com.google.firebase:firebase-iid:17.0.3] AndroidManifest.xml:34:17-82
89        </service>
90
91        <receiver
91-->[com.google.firebase:firebase-analytics:16.0.4] AndroidManifest.xml:29:9-33:20
92            android:name="com.google.android.gms.measurement.AppMeasurementReceiver"
92-->[com.google.firebase:firebase-analytics:16.0.4] AndroidManifest.xml:30:13-85
93            android:enabled="true"
93-->[com.google.firebase:firebase-analytics:16.0.4] AndroidManifest.xml:31:13-35
94            android:exported="false" >
94-->[com.google.firebase:firebase-analytics:16.0.4] AndroidManifest.xml:32:13-37
95        </receiver>
96        <receiver
96-->[com.google.firebase:firebase-analytics:16.0.4] AndroidManifest.xml:34:9-42:20
97            android:name="com.google.android.gms.measurement.AppMeasurementInstallReferrerReceiver"
97-->[com.google.firebase:firebase-analytics:16.0.4] AndroidManifest.xml:35:13-100
98            android:enabled="true"
98-->[com.google.firebase:firebase-analytics:16.0.4] AndroidManifest.xml:36:13-35
99            android:exported="true"
99-->[com.google.firebase:firebase-analytics:16.0.4] AndroidManifest.xml:37:13-36
100            android:permission="android.permission.INSTALL_PACKAGES" >
100-->[com.google.firebase:firebase-analytics:16.0.4] AndroidManifest.xml:38:13-69
101            <intent-filter>
101-->[com.google.firebase:firebase-analytics:16.0.4] AndroidManifest.xml:39:13-41:29
102                <action android:name="com.android.vending.INSTALL_REFERRER" />
102-->[com.google.firebase:firebase-analytics:16.0.4] AndroidManifest.xml:40:17-79
102-->[com.google.firebase:firebase-analytics:16.0.4] AndroidManifest.xml:40:25-76
103            </intent-filter>
104        </receiver>
105
106        <service
106-->[com.google.firebase:firebase-analytics:16.0.4] AndroidManifest.xml:44:9-47:40
107            android:name="com.google.android.gms.measurement.AppMeasurementService"
107-->[com.google.firebase:firebase-analytics:16.0.4] AndroidManifest.xml:45:13-84
108            android:enabled="true"
108-->[com.google.firebase:firebase-analytics:16.0.4] AndroidManifest.xml:46:13-35
109            android:exported="false" />
109-->[com.google.firebase:firebase-analytics:16.0.4] AndroidManifest.xml:47:13-37
110        <service
110-->[com.google.firebase:firebase-analytics:16.0.4] AndroidManifest.xml:48:9-52:72
111            android:name="com.google.android.gms.measurement.AppMeasurementJobService"
111-->[com.google.firebase:firebase-analytics:16.0.4] AndroidManifest.xml:49:13-87
112            android:enabled="true"
112-->[com.google.firebase:firebase-analytics:16.0.4] AndroidManifest.xml:50:13-35
113            android:exported="false"
113-->[com.google.firebase:firebase-analytics:16.0.4] AndroidManifest.xml:51:13-37
114            android:permission="android.permission.BIND_JOB_SERVICE" />
114-->[com.google.firebase:firebase-analytics:16.0.4] AndroidManifest.xml:52:13-69
115
116        <receiver
116-->[com.google.firebase:firebase-iid:17.0.3] AndroidManifest.xml:37:9-44:20
117            android:name="com.google.firebase.iid.FirebaseInstanceIdReceiver"
117-->[com.google.firebase:firebase-iid:17.0.3] AndroidManifest.xml:38:13-78
118            android:exported="true"
118-->[com.google.firebase:firebase-iid:17.0.3] AndroidManifest.xml:39:13-36
119            android:permission="com.google.android.c2dm.permission.SEND" >
119-->[com.google.firebase:firebase-iid:17.0.3] AndroidManifest.xml:40:13-73
120            <intent-filter>
120-->[com.google.firebase:firebase-iid:17.0.3] AndroidManifest.xml:41:13-43:29
121                <action android:name="com.google.android.c2dm.intent.RECEIVE" />
121-->[com.google.firebase:firebase-iid:17.0.3] AndroidManifest.xml:42:17-81
121-->[com.google.firebase:firebase-iid:17.0.3] AndroidManifest.xml:42:25-78
122            </intent-filter>
123        </receiver>
124        <!--
125             FirebaseInstanceIdService performs security checks at runtime,
126             no need for explicit permissions despite exported="true"
127        -->
128        <service
128-->[com.google.firebase:firebase-iid:17.0.3] AndroidManifest.xml:50:9-56:19
129            android:name="com.google.firebase.iid.FirebaseInstanceIdService"
129-->[com.google.firebase:firebase-iid:17.0.3] AndroidManifest.xml:51:13-77
130            android:exported="true" >
130-->[com.google.firebase:firebase-iid:17.0.3] AndroidManifest.xml:52:13-36
131            <intent-filter android:priority="-500" >
131-->[com.google.firebase:firebase-iid:17.0.3] AndroidManifest.xml:53:13-55:29
131-->[com.google.firebase:firebase-iid:17.0.3] AndroidManifest.xml:53:28-51
132                <action android:name="com.google.firebase.INSTANCE_ID_EVENT" />
132-->[com.google.firebase:firebase-iid:17.0.3] AndroidManifest.xml:54:17-80
132-->[com.google.firebase:firebase-iid:17.0.3] AndroidManifest.xml:54:25-77
133            </intent-filter>
134        </service>
135
136        <activity
136-->[com.google.android.gms:play-services-base:16.0.1] AndroidManifest.xml:23:9-26:75
137            android:name="com.google.android.gms.common.api.GoogleApiActivity"
137-->[com.google.android.gms:play-services-base:16.0.1] AndroidManifest.xml:24:13-79
138            android:exported="false"
138-->[com.google.android.gms:play-services-base:16.0.1] AndroidManifest.xml:25:13-37
139            android:theme="@android:style/Theme.Translucent.NoTitleBar" />
139-->[com.google.android.gms:play-services-base:16.0.1] AndroidManifest.xml:26:13-72
140
141        <provider
141-->[com.google.firebase:firebase-common:16.1.0] AndroidManifest.xml:12:9-16:39
142            android:name="com.google.firebase.provider.FirebaseInitProvider"
142-->[com.google.firebase:firebase-common:16.1.0] AndroidManifest.xml:13:13-77
143            android:authorities="com.example.flutterapp.firebaseinitprovider"
143-->[com.google.firebase:firebase-common:16.1.0] AndroidManifest.xml:14:13-72
144            android:exported="false"
144-->[com.google.firebase:firebase-common:16.1.0] AndroidManifest.xml:15:13-37
145            android:initOrder="100" />
145-->[com.google.firebase:firebase-common:16.1.0] AndroidManifest.xml:16:13-36
146
147        <meta-data
147-->[com.google.android.gms:play-services-basement:16.0.1] AndroidManifest.xml:23:9-25:69
148            android:name="com.google.android.gms.version"
148-->[com.google.android.gms:play-services-basement:16.0.1] AndroidManifest.xml:24:13-58
149            android:value="@integer/google_play_services_version" />
149-->[com.google.android.gms:play-services-basement:16.0.1] AndroidManifest.xml:25:13-66
150    </application>
151
152</manifest>